<?xml version="1.0" encoding="UTF-8"?>
<!-- Generated by org.testng.reporters.JUnitXMLReporter -->
<testsuite hostname="BLTPG00TMEG" name="M" tests="6" failures="1" timestamp="7 Mar 2018 16:43:24 GMT" time="0.08" errors="0">
  <testcase name="M1" time="0.021" classname="failTestPackage.M_A"/>
  <testcase name="M2" time="0.002" classname="failTestPackage.M_A"/>
  <testcase name="M_B1" time="0.002" classname="failTestPackage.M_B">
    <skipped/>
  </testcase> <!-- M_B1 -->
  <testcase name="M_B2" time="0.007" classname="failTestPackage.M_B">
    <failure type="java.lang.AssertionError" message="expected [true] but found [false]">
      <![CDATA[java.lang.AssertionError: expected [true] but found [false]
	at failTestPackage.M_B.M_B2(M_B.java:17)
... Removed 28 stack frames]]>
    </failure>
  </testcase> <!-- M_B2 -->
  <testcase name="M_C1" time="0.002" classname="failTestPackage.M_C"/>
  <testcase name="M_C2" time="0.002" classname="failTestPackage.M_C">
    <skipped/>
  </testcase> <!-- M_C2 -->
</testsuite> <!-- M -->
