<?xml version="1.0" encoding="UTF-8"?>
<!-- Generated by org.testng.reporters.JUnitXMLReporter -->
<testsuite hostname="BLTPG00TMEG" name="Test_1_2_3" tests="3" failures="2" timestamp="17 Mar 2018 04:44:33 GMT" time="0.065" errors="0">
  <testcase name="testcaseA" time="0.021" classname="mukesh_Otwani.TestCase_1"/>
  <testcase name="testcaseB" time="0.006" classname="mukesh_Otwani.TestCase_2">
    <failure type="java.lang.AssertionError" message="expected [true] but found [false]">
      <![CDATA[java.lang.AssertionError: expected [true] but found [false]
	at mukesh_Otwani.TestCase_2.testcaseB(TestCase_2.java:10)
... Removed 28 stack frames]]>
    </failure>
  </testcase> <!-- testcaseB -->
  <testcase name="testcaseC" time="0.003" classname="mukesh_Otwani.TestCase_3">
    <failure type="java.lang.AssertionError" message="expected [false] but found [true]">
      <![CDATA[java.lang.AssertionError: expected [false] but found [true]
	at mukesh_Otwani.TestCase_3.testcaseC(TestCase_3.java:10)
... Removed 28 stack frames]]>
    </failure>
  </testcase> <!-- testcaseC -->
</testsuite> <!-- Test_1_2_3 -->
