<?xml version="1.0" encoding="UTF-8"?>
<!-- Generated by org.testng.reporters.JUnitXMLReporter -->
<testsuite hostname="BLTPG00TMEG" name="Test A B" tests="3" failures="0" timestamp="11 Nov 2017 14:16:50 GMT" time="9.068" errors="0">
  <testcase name="Test_A" time="3.014" classname="javaPackage_InterviewQ.TestA"/>
  <testcase name="Test_B" time="3.008" classname="javaPackage_InterviewQ.TestB"/>
  <testcase name="Test_C" time="3.009" classname="javaPackage_InterviewQ.TestC"/>
</testsuite> <!-- Test A B -->
