<?xml version="1.0" encoding="UTF-8"?>
<!-- Generated by org.testng.reporters.JUnitXMLReporter -->
<testsuite hostname="BLTPG00TMEG" name="M(failed)" tests="3" failures="1" timestamp="7 Mar 2018 16:45:05 GMT" time="0.033" errors="0">
  <testcase name="M_B1" time="0.008" classname="failTestPackage.M_B">
    <skipped/>
  </testcase> <!-- M_B1 -->
  <testcase name="M_B2" time="0.007" classname="failTestPackage.M_B">
    <failure type="java.lang.AssertionError" message="expected [true] but found [false]">
      <![CDATA[java.lang.AssertionError: expected [true] but found [false]
	at failTestPackage.M_B.M_B2(M_B.java:17)
	at failTestPackage.RunnerClass.main(RunnerClass.java:15)
... Removed 25 stack frames]]>
    </failure>
  </testcase> <!-- M_B2 -->
  <testcase name="M_C2" time="0.0" classname="failTestPackage.M_C">
    <skipped/>
  </testcase> <!-- M_C2 -->
</testsuite> <!-- M(failed) -->
