<?xml version="1.0" encoding="UTF-8"?>
<!-- Generated by org.testng.reporters.JUnitXMLReporter -->
<testsuite hostname="BLTPG00TMEG" name="Test_A B C" tests="3" failures="1" timestamp="17 Mar 2018 04:10:34 GMT" time="0.072" errors="0">
  <testcase name="testcaseA" time="0.019" classname="mukesh_Otwani.TestCase_1"/>
  <testcase name="testcaseB" time="0.001" classname="mukesh_Otwani.TestCase_2"/>
  <testcase name="testcaseC" time="0.009" classname="mukesh_Otwani.TestCase_3">
    <failure type="java.lang.AssertionError" message="expected [false] but found [true]">
      <![CDATA[java.lang.AssertionError: expected [false] but found [true]
	at mukesh_Otwani.TestCase_3.testcaseC(TestCase_3.java:10)
... Removed 28 stack frames]]>
    </failure>
  </testcase> <!-- testcaseC -->
</testsuite> <!-- Test_A B C -->
