<?xml version="1.0" encoding="UTF-8"?>
<!-- Generated by org.testng.reporters.JUnitXMLReporter -->
<testsuite hostname="BLTPG00TMEG" name="TestNG_First1" tests="3" failures="0" timestamp="11 Nov 2017 14:04:13 GMT" time="0.048" errors="0">
  <testcase name="Logintest1" time="0.005" classname="javaPackage_InterviewQ.TestNG_FirstClass"/>
  <testcase name="Password_Change_test2" time="0.002" classname="javaPackage_InterviewQ.TestNG_FirstClass">
    <skipped/>
  </testcase> <!-- Password_Change_test2 -->
  <testcase name="LogOut_test3" time="0.0" classname="javaPackage_InterviewQ.TestNG_FirstClass">
    <skipped/>
  </testcase> <!-- LogOut_test3 -->
</testsuite> <!-- TestNG_First1 -->
